<?xml version="1.0" encoding="UTF-8"?>
<!-- Generated by org.testng.reporters.JUnitReportReporter -->
<testsuite hostname="LAPTOP-0UT6NCQI" failures="0" tests="1" name="report.Exten" time="0.385" errors="0" timestamp="2023-05-27T15:33:27 IST" skipped="0">
  <testcase classname="report.Exten" name="test1" time="0.385"/>
  <system-out/>
</testsuite> <!-- report.Exten -->
