<?xml version="1.0" encoding="UTF-8"?>
<!-- Generated by org.testng.reporters.JUnitReportReporter -->
<testsuite hostname="LAPTOP-0UT6NCQI" failures="0" tests="1" name="report.Log13" time="0.058" errors="0" timestamp="2023-05-27T15:38:42 IST" skipped="0">
  <testcase classname="report.Log13" name="test2" time="0.058"/>
  <system-out/>
</testsuite> <!-- report.Log13 -->
